<?xml version="1.0" encoding="UTF-8"?>
<testsuite xmlns:xsi="http://www.w3.org/2001/XMLSchema-instance" xsi:noNamespaceSchemaLocation="https://maven.apache.org/surefire/maven-surefire-plugin/xsd/surefire-test-report-3.0.xsd" version="3.0" name="com.caringiggy.user.controller.EmployeeControllerTest" time="3.336" tests="4" errors="0" skipped="0" failures="0">
  <properties>
[...]
</properties>
  <testcase name="createEmployee_withMissingName_returnsBadRequest" classname="com.caringiggy.user.controller.EmployeeControllerTest" time="0.25">
    <system-out><![CDATA[20:56:52.965 [main] INFO org.springframework.test.context.support.AnnotationConfigContextLoaderUtils -- Could not detect default configuration classes for test class [com.caringiggy.user.controller.EmployeeControllerTest]: EmployeeControllerTest does not declare any static, non-private, non-final, nested classes annotated with @Configuration.
20:56:53.080 [main] INFO org.springframework.boot.test.context.SpringBootTestContextBootstrapper -- Found @SpringBootConfiguration com.caringiggy.user.UserServiceApplication for test class com.caringiggy.user.controller.EmployeeControllerTest

  .   ____          _            __ _ _
 /\\ / ___'_ __ _ _(_)_ __  __ _ \ \ \ \
( ( )\___ | '_ | '_| | '_ \/ _` | \ \ \ \
 \\/  ___)| |_)| | | | | || (_| |  ) ) ) )
  '  |____| .__|_| |_|_| |_\__, | / / / /
 =========|_|==============|___/=/_/_/_/
 :: Spring Boot ::                (v3.2.0)

2026-03-27T20:56:53.512Z  INFO 49140 --- [user-service] [           main] c.c.u.controller.EmployeeControllerTest  : Starting EmployeeControllerTest using Java 21.0.7 with PID 49140 (started by archb in C:\Users\archb\Documents\projects\opencode\caring-iggy\user-service)
2026-03-27T20:56:53.512Z DEBUG 49140 --- [user-service] [           main] c.c.u.controller.EmployeeControllerTest  : Running with Spring Boot v3.2.0, Spring v6.1.1
2026-03-27T20:56:53.512Z  INFO 49140 --- [user-service] [           main] c.c.u.controller.EmployeeControllerTest  : No active profile set, falling back to 1 default profile: "default"
2026-03-27T20:56:55.768Z  INFO 49140 --- [user-service] [           main] o.s.b.t.m.w.SpringBootMockServletContext : Initializing Spring TestDispatcherServlet ''
2026-03-27T20:56:55.768Z  INFO 49140 --- [user-service] [           main] o.s.t.web.servlet.TestDispatcherServlet  : Initializing Servlet ''
2026-03-27T20:56:55.773Z  INFO 49140 --- [user-service] [           main] o.s.t.web.servlet.TestDispatcherServlet  : Completed initialization in 0 ms
2026-03-27T20:56:55.791Z  INFO 49140 --- [user-service] [           main] c.c.u.controller.EmployeeControllerTest  : Started EmployeeControllerTest in 2.641 seconds (process running for 3.413)
2026-03-27T20:56:56.010Z  WARN 49140 --- [user-service] [           main] .w.s.m.s.DefaultHandlerExceptionResolver : Resolved [org.springframework.web.bind.MethodArgumentNotValidException: Validation failed for argument [0] in public org.springframework.http.ResponseEntity<com.caringiggy.user.dto.EmployeeDto> com.caringiggy.user.controller.EmployeeController.createEmployee(com.caringiggy.user.dto.CreateEmployeeRequest): [Field error in object 'createEmployeeRequest' on field 'name': rejected value [null]; codes [NotBlank.createEmployeeRequest.name,NotBlank.name,NotBlank.java.lang.String,NotBlank]; arguments [org.springframework.context.support.DefaultMessageSourceResolvable: codes [createEmployeeRequest.name,name]; arguments []; default message [name]]; default message [Name is required]] ]
]]></system-out>
    <system-err><![CDATA[WARNING: A Java agent has been loaded dynamically (C:\Users\archb\.m2\repository\net\bytebuddy\byte-buddy-agent\1.14.10\byte-buddy-agent-1.14.10.jar)
WARNING: If a serviceability tool is in use, please run with -XX:+EnableDynamicAgentLoading to hide this warning
WARNING: If a serviceability tool is not in use, please run with -Djdk.instrument.traceUsage for more information
WARNING: Dynamic loading of agents will be disallowed by default in a future release
]]></system-err>
  </testcase>
  <testcase name="createEmployee_withInvalidEmail_returnsBadRequest" classname="com.caringiggy.user.controller.EmployeeControllerTest" time="0.004">
    <system-out><![CDATA[2026-03-27T20:56:56.052Z  WARN 49140 --- [user-service] [           main] .w.s.m.s.DefaultHandlerExceptionResolver : Resolved [org.springframework.web.bind.MethodArgumentNotValidException: Validation failed for argument [0] in public org.springframework.http.ResponseEntity<com.caringiggy.user.dto.EmployeeDto> com.caringiggy.user.controller.EmployeeController.createEmployee(com.caringiggy.user.dto.CreateEmployeeRequest): [Field error in object 'createEmployeeRequest' on field 'email': rejected value [not-an-email]; codes [Email.createEmployeeRequest.email,Email.email,Email.java.lang.String,Email]; arguments [org.springframework.context.support.DefaultMessageSourceResolvable: codes [createEmployeeRequest.email,email]; arguments []; default message [email],[Ljakarta.validation.constraints.Pattern$Flag;@3578a45b,.*]; default message [Invalid email format]] ]
]]></system-out>
  </testcase>
  <testcase name="createEmployee_withValidPayload_returnsCreated" classname="com.caringiggy.user.controller.EmployeeControllerTest" time="0.074"/>
  <testcase name="getAllEmployees_returnsList" classname="com.caringiggy.user.controller.EmployeeControllerTest" time="0.006"/>
</testsuite>