<?xml version="1.0" encoding="UTF-8"?>
<testsuite xmlns:xsi="http://www.w3.org/2001/XMLSchema-instance" xsi:noNamespaceSchemaLocation="https://maven.apache.org/surefire/maven-surefire-plugin/xsd/surefire-test-report-3.0.xsd" version="3.0" name="com.caringiggy.user.service.EmployeeServiceTest" time="0.16" tests="4" errors="0" skipped="0" failures="0">
  <properties>
[...]
</properties>
  <testcase name="getAllEmployees_mapsEntitiesToDtos" classname="com.caringiggy.user.service.EmployeeServiceTest" time="0.133"/>
  <testcase name="createEmployee_usesDefaultRoleWhenRoleMissing" classname="com.caringiggy.user.service.EmployeeServiceTest" time="0.008">
    <system-out><![CDATA[2026-03-27T20:56:56.283Z  INFO 49140 --- [user-service] [           main] c.c.user.service.EmployeeService         : Created employee with id: dccf1598-ca5a-41e9-9604-fbe2da368e05
]]></system-out>
  </testcase>
  <testcase name="getEmployeeById_throwsWhenMissing" classname="com.caringiggy.user.service.EmployeeServiceTest" time="0.0"/>
  <testcase name="updateEmployee_updatesProvidedFieldsOnly" classname="com.caringiggy.user.service.EmployeeServiceTest" time="0.015">
    <system-out><![CDATA[2026-03-27T20:56:56.302Z  INFO 49140 --- [user-service] [           main] c.c.user.service.EmployeeService         : Updated employee with id: 91e858cd-9fbe-4ab1-b683-42de3e523b35
]]></system-out>
  </testcase>
</testsuite>